Arguments: 
  /Users/dylan_developer/Library/pnpm/nodejs/16.16.0/bin/node /usr/local/Cellar/yarn/1.22.19/libexec/bin/yarn.js publish --tag beta

PATH: 
  /Users/dylan_developer/Library/pnpm:/usr/local/bin:/Users/dylan_developer/.nvm/versions/node/v17.9.1/bin:/usr/local/bin:/usr/bin:/bin:/usr/sbin:/sbin:/Library/Apple/usr/bin:/Users/dylan_developer/Library/pnpm/nodejs/16.16.0/bin:/Users/dylan_developer/.foundry/bin

Yarn version: 
  1.22.19

Node version: 
  16.16.0

Platform: 
  darwin x64

Trace: 
  Error: https://registry.yarnpkg.com/-/user/org.couchdb.user:dylandesrosier: failed to authenticate: Could not authenticate dylandesrosier: bad password
      at Request.params.callback [as _callback] (/usr/local/Cellar/yarn/1.22.19/libexec/lib/cli.js:66145:18)
      at Request.self.callback (/usr/local/Cellar/yarn/1.22.19/libexec/lib/cli.js:140890:22)
      at Request.emit (node:events:527:28)
      at Request.<anonymous> (/usr/local/Cellar/yarn/1.22.19/libexec/lib/cli.js:141862:10)
      at Request.emit (node:events:527:28)
      at IncomingMessage.<anonymous> (/usr/local/Cellar/yarn/1.22.19/libexec/lib/cli.js:141784:12)
      at Object.onceWrapper (node:events:641:28)
      at IncomingMessage.emit (node:events:539:35)
      at endReadableNT (node:internal/streams/readable:1345:12)
      at processTicksAndRejections (node:internal/process/task_queues:83:21)

npm manifest: 
  {
    "name": "@pooltogether/v4-autotasks-library",
    "version": "1.3.0-beta.2",
    "description": "Library of shared utils to run V4 autotasks.",
    "author": "PoolTogether Inc.",
    "homepage": "https://github.com/pooltogether/v4-autotasks/packages/library/README.md",
    "license": "ISC",
    "main": "lib/index.js",
    "directories": {
      "lib": "lib",
      "test": "__tests__"
    },
    "files": [
      "lib"
    ],
    "repository": {
      "type": "git",
      "url": "git+https://github.com/pooltogether/v4-autotasks.git"
    },
    "scripts": {
      "build": "tsc",
      "format": "prettier --config ../../.prettierrc --ignore-path ../../.prettierignore --write \"**/*.{ts,js}\""
    },
    "bugs": {
      "url": "https://github.com/pooltogether/v4-autotasks/issues"
    },
    "dependencies": {
      "defender-relay-client": "1.37.0",
      "ethers": "5.7.2"
    }
  }

yarn manifest: 
  No manifest

Lockfile: 
  No lockfile
